<?xml version="1.0" encoding="UTF-8"?>
<testsuite xmlns:xsi="http://www.w3.org/2001/XMLSchema-instance" xsi:noNamespaceSchemaLocation="https://maven.apache.org/surefire/maven-surefire-plugin/xsd/surefire-test-report-3.0.xsd" version="3.0" name="com.gr4.auth.model.UsuarioTest" time="0.205" tests="8" errors="0" skipped="0" failures="0">
  <properties>
[...]
</properties>
  <testcase name="given_DatosDeUsuarioValidos_when_CrearNuevoUsuario_then_DebeCrearseCorrectamente" classname="com.gr4.auth.model.UsuarioTest" time="0.046">
    <system-out><![CDATA[🔧 AuthService: Inicializado con dependencias inyectadas
🧹 AuthService: Limpiando todos los usuarios
🧹 UsuarioRepository: Limpiando todos los usuarios registrados
✓ UsuarioRepository: Usuarios limpiados. Total actual: 0
✓ AuthService: Usuarios limpiados
]]></system-out>
  </testcase>
  <testcase name="given_ContraseñasConDiferentesLongitudes_when_ValidarLongitud_then_DebeValidarLongitudMinima" classname="com.gr4.auth.model.UsuarioTest" time="0.01">
    <system-out><![CDATA[🔧 AuthService: Inicializado con dependencias inyectadas
🧹 AuthService: Limpiando todos los usuarios
🧹 UsuarioRepository: Limpiando todos los usuarios registrados
✓ UsuarioRepository: Usuarios limpiados. Total actual: 0
✓ AuthService: Usuarios limpiados
]]></system-out>
  </testcase>
  <testcase name="given_UsuariosConDiferentesCorreos_when_RegistrarCorreo_then_DebeValidarCorreosUnicos" classname="com.gr4.auth.model.UsuarioTest" time="0.031">
    <system-out><![CDATA[🔧 AuthService: Inicializado con dependencias inyectadas
🧹 AuthService: Limpiando todos los usuarios
🧹 UsuarioRepository: Limpiando todos los usuarios registrados
✓ UsuarioRepository: Usuarios limpiados. Total actual: 0
✓ AuthService: Usuarios limpiados
🔍 AuthService: Iniciando registro de usuario: juan@mail.com
🔍 AuthService: Validando usuario: juan@mail.com
🔍 AuthService: Datos del usuario - Nombre: Juan, Correo: juan@mail.com, Activo: true
✓ AuthService: Validación exitosa, verificando si ya existe...
✓ AuthService: Correo disponible, guardando en repositorio...
🔍 UsuarioRepository: Intentando registrar usuario: juan@mail.com
🔍 UsuarioRepository: Correo normalizado: juan@mail.com
✓ UsuarioRepository: Usuario guardado exitosamente. Total usuarios: 1
✅ AuthService: Usuario guardado exitosamente en repositorio
🔍 UsuarioRepository: Buscando usuario por correo: juan@mail.com
🔍 UsuarioRepository: Usuario encontrado: true
🔍 UsuarioRepository: Total usuarios en memoria: 1
✅ AuthService: Verificación exitosa - Usuario encontrado después del registro
🔍 AuthService: Iniciando registro de usuario: juan@mail.com
🔍 AuthService: Validando usuario: juan@mail.com
🔍 AuthService: Datos del usuario - Nombre: Pedro, Correo: juan@mail.com, Activo: true
✓ AuthService: Validación exitosa, verificando si ya existe...
🔍 AuthService: Iniciando registro de usuario: JUAN@MAIL.COM
🔍 AuthService: Validando usuario: JUAN@MAIL.COM
🔍 AuthService: Datos del usuario - Nombre: Ana, Correo: JUAN@MAIL.COM, Activo: true
✓ AuthService: Validación exitosa, verificando si ya existe...
🔍 AuthService: Iniciando registro de usuario:  juan@mail.com 
🔍 AuthService: Validando usuario:  juan@mail.com 
🔍 AuthService: Datos del usuario - Nombre: Luis, Correo:  juan@mail.com , Activo: true
✓ AuthService: Validación exitosa, verificando si ya existe...
🔍 AuthService: Iniciando registro de usuario: null
🔍 AuthService: Validando usuario: null
🔍 AuthService: Datos del usuario - Nombre: María, Correo: null, Activo: true
]]></system-out>
    <system-err><![CDATA[✗ AuthService: El correo ya está registrado: juan@mail.com
✗ AuthService: El correo ya está registrado: JUAN@MAIL.COM
✗ AuthService: El correo ya está registrado:  juan@mail.com 
✗ AuthService: Validación falló para usuario: null
]]></system-err>
  </testcase>
  <testcase name="given_EstadoUsuario_when_ActivarDesactivarUsuario_then_DebeGestionarEstadoCorrectamente" classname="com.gr4.auth.model.UsuarioTest" time="0.01">
    <system-out><![CDATA[🔧 AuthService: Inicializado con dependencias inyectadas
🧹 AuthService: Limpiando todos los usuarios
🧹 UsuarioRepository: Limpiando todos los usuarios registrados
✓ UsuarioRepository: Usuarios limpiados. Total actual: 0
✓ AuthService: Usuarios limpiados
🔍 AuthService: Iniciando registro de usuario: juan@mail.com
🔍 AuthService: Validando usuario: juan@mail.com
🔍 AuthService: Datos del usuario - Nombre: Juan, Correo: juan@mail.com, Activo: true
✓ AuthService: Validación exitosa, verificando si ya existe...
✓ AuthService: Correo disponible, guardando en repositorio...
🔍 UsuarioRepository: Intentando registrar usuario: juan@mail.com
🔍 UsuarioRepository: Correo normalizado: juan@mail.com
✓ UsuarioRepository: Usuario guardado exitosamente. Total usuarios: 1
✅ AuthService: Usuario guardado exitosamente en repositorio
🔍 UsuarioRepository: Buscando usuario por correo: juan@mail.com
🔍 UsuarioRepository: Usuario encontrado: true
🔍 UsuarioRepository: Total usuarios en memoria: 1
✅ AuthService: Verificación exitosa - Usuario encontrado después del registro
🔍 AuthService: Intentando autenticar usuario: juan@mail.com
🔍 UsuarioRepository: Buscando usuario por correo: juan@mail.com
🔍 UsuarioRepository: Usuario encontrado: true
🔍 UsuarioRepository: Total usuarios en memoria: 1
🔍 AuthService: Usuario encontrado en repositorio: true
✓ AuthService: Autenticación exitosa para: juan@mail.com
🔍 AuthService: Intentando autenticar usuario: juan@mail.com
🔍 UsuarioRepository: Buscando usuario por correo: juan@mail.com
🔍 UsuarioRepository: Usuario encontrado: true
🔍 UsuarioRepository: Total usuarios en memoria: 1
🔍 AuthService: Usuario encontrado en repositorio: true
🔍 AuthService: Intentando autenticar usuario: juan@mail.com
🔍 UsuarioRepository: Buscando usuario por correo: juan@mail.com
🔍 UsuarioRepository: Usuario encontrado: true
🔍 UsuarioRepository: Total usuarios en memoria: 1
🔍 AuthService: Usuario encontrado en repositorio: true
✓ AuthService: Autenticación exitosa para: juan@mail.com
]]></system-out>
    <system-err><![CDATA[✗ AuthService: Usuario inactivo: juan@mail.com
]]></system-err>
  </testcase>
  <testcase name="given_CredencialesDeUsuario_when_Autenticar_then_DebeValidarCredencialesCorrectamente" classname="com.gr4.auth.model.UsuarioTest" time="0.013">
    <system-out><![CDATA[🔧 AuthService: Inicializado con dependencias inyectadas
🧹 AuthService: Limpiando todos los usuarios
🧹 UsuarioRepository: Limpiando todos los usuarios registrados
✓ UsuarioRepository: Usuarios limpiados. Total actual: 0
✓ AuthService: Usuarios limpiados
🔍 AuthService: Iniciando registro de usuario: juan@mail.com
🔍 AuthService: Validando usuario: juan@mail.com
🔍 AuthService: Datos del usuario - Nombre: Juan, Correo: juan@mail.com, Activo: true
✓ AuthService: Validación exitosa, verificando si ya existe...
✓ AuthService: Correo disponible, guardando en repositorio...
🔍 UsuarioRepository: Intentando registrar usuario: juan@mail.com
🔍 UsuarioRepository: Correo normalizado: juan@mail.com
✓ UsuarioRepository: Usuario guardado exitosamente. Total usuarios: 1
✅ AuthService: Usuario guardado exitosamente en repositorio
🔍 UsuarioRepository: Buscando usuario por correo: juan@mail.com
🔍 UsuarioRepository: Usuario encontrado: true
🔍 UsuarioRepository: Total usuarios en memoria: 1
✅ AuthService: Verificación exitosa - Usuario encontrado después del registro
🔍 AuthService: Intentando autenticar usuario: juan@mail.com
🔍 UsuarioRepository: Buscando usuario por correo: juan@mail.com
🔍 UsuarioRepository: Usuario encontrado: true
🔍 UsuarioRepository: Total usuarios en memoria: 1
🔍 AuthService: Usuario encontrado en repositorio: true
✓ AuthService: Autenticación exitosa para: juan@mail.com
🔍 AuthService: Intentando autenticar usuario: pedro@mail.com
🔍 UsuarioRepository: Buscando usuario por correo: pedro@mail.com
🔍 UsuarioRepository: Usuario encontrado: false
🔍 UsuarioRepository: Total usuarios en memoria: 1
🔍 AuthService: Usuario encontrado en repositorio: false
🔍 AuthService: Intentando autenticar usuario: juan@mail.com
🔍 UsuarioRepository: Buscando usuario por correo: juan@mail.com
🔍 UsuarioRepository: Usuario encontrado: true
🔍 UsuarioRepository: Total usuarios en memoria: 1
🔍 AuthService: Usuario encontrado en repositorio: true
🔍 AuthService: Intentando autenticar usuario: 
]]></system-out>
    <system-err><![CDATA[✗ AuthService: Usuario no encontrado para correo: pedro@mail.com
✗ AuthService: Contraseña incorrecta para: juan@mail.com
✗ AuthService: Credenciales vacías
]]></system-err>
  </testcase>
  <testcase name="given_DatosActualizados_when_ActualizarDatosUsuario_then_DebeActualizarCorrectamente" classname="com.gr4.auth.model.UsuarioTest" time="0.008">
    <system-out><![CDATA[🔧 AuthService: Inicializado con dependencias inyectadas
🧹 AuthService: Limpiando todos los usuarios
🧹 UsuarioRepository: Limpiando todos los usuarios registrados
✓ UsuarioRepository: Usuarios limpiados. Total actual: 0
✓ AuthService: Usuarios limpiados
🔍 AuthService: Iniciando registro de usuario: juan@mail.com
🔍 AuthService: Validando usuario: juan@mail.com
🔍 AuthService: Datos del usuario - Nombre: Juan Pérez, Correo: juan@mail.com, Activo: true
✓ AuthService: Validación exitosa, verificando si ya existe...
✓ AuthService: Correo disponible, guardando en repositorio...
🔍 UsuarioRepository: Intentando registrar usuario: juan@mail.com
🔍 UsuarioRepository: Correo normalizado: juan@mail.com
✓ UsuarioRepository: Usuario guardado exitosamente. Total usuarios: 1
✅ AuthService: Usuario guardado exitosamente en repositorio
🔍 UsuarioRepository: Buscando usuario por correo: juan@mail.com
🔍 UsuarioRepository: Usuario encontrado: true
🔍 UsuarioRepository: Total usuarios en memoria: 1
✅ AuthService: Verificación exitosa - Usuario encontrado después del registro
🔍 AuthService: Intentando autenticar usuario: juan@mail.com
🔍 UsuarioRepository: Buscando usuario por correo: juan@mail.com
🔍 UsuarioRepository: Usuario encontrado: true
🔍 UsuarioRepository: Total usuarios en memoria: 1
🔍 AuthService: Usuario encontrado en repositorio: true
✓ AuthService: Autenticación exitosa para: juan@mail.com
🔍 AuthService: Intentando autenticar usuario: juan@mail.com
🔍 UsuarioRepository: Buscando usuario por correo: juan@mail.com
🔍 UsuarioRepository: Usuario encontrado: true
🔍 UsuarioRepository: Total usuarios en memoria: 1
🔍 AuthService: Usuario encontrado en repositorio: true
🔍 AuthService: Intentando autenticar usuario: juan@mail.com
🔍 UsuarioRepository: Buscando usuario por correo: juan@mail.com
🔍 UsuarioRepository: Usuario encontrado: true
🔍 UsuarioRepository: Total usuarios en memoria: 1
🔍 AuthService: Usuario encontrado en repositorio: true
✓ AuthService: Autenticación exitosa para: juan@mail.com
]]></system-out>
    <system-err><![CDATA[✗ AuthService: Contraseña incorrecta para: juan@mail.com
]]></system-err>
  </testcase>
  <testcase name="given_NombresConDiferentesLongitudes_when_ValidarLongitud_then_DebeValidarRangoCorrecto" classname="com.gr4.auth.model.UsuarioTest" time="0.003">
    <system-out><![CDATA[🔧 AuthService: Inicializado con dependencias inyectadas
🧹 AuthService: Limpiando todos los usuarios
🧹 UsuarioRepository: Limpiando todos los usuarios registrados
✓ UsuarioRepository: Usuarios limpiados. Total actual: 0
✓ AuthService: Usuarios limpiados
]]></system-out>
  </testcase>
  <testcase name="given_CorreoConDiferentesFormatos_when_ValidarFormatoCorreo_then_DebeValidarFormatoCorrectamente" classname="com.gr4.auth.model.UsuarioTest" time="0.005">
    <system-out><![CDATA[🔧 AuthService: Inicializado con dependencias inyectadas
🧹 AuthService: Limpiando todos los usuarios
🧹 UsuarioRepository: Limpiando todos los usuarios registrados
✓ UsuarioRepository: Usuarios limpiados. Total actual: 0
✓ AuthService: Usuarios limpiados
]]></system-out>
  </testcase>
</testsuite>