<?xml version="1.0" encoding="UTF-8"?>
<testsuite xmlns:xsi="http://www.w3.org/2001/XMLSchema-instance" xsi:noNamespaceSchemaLocation="https://maven.apache.org/surefire/maven-surefire-plugin/xsd/surefire-test-report-3.0.xsd" version="3.0" name="com.gr4.service.CalendarioServiceTest" time="0.016" tests="8" errors="0" skipped="0" failures="0">
  <properties>
[...]
</properties>
  <testcase name="given_FechaInicioMayorQueFechaFin_when_ObtenerTareasPorSemana_then_DebeLanzarExcepcion" classname="com.gr4.service.CalendarioServiceTest" time="0.004"/>
  <testcase name="given_TareasPendientesYCompletadas_when_ContarTareasPendientes_then_DebeContarSoloPendientes" classname="com.gr4.service.CalendarioServiceTest" time="0.003"/>
  <testcase name="given_ParametrosNulos_when_ObtenerTareasPorDia_then_DebeLanzarExcepcion" classname="com.gr4.service.CalendarioServiceTest" time="0.001"/>
  <testcase name="given_TareasConDiferentesFechas_when_AgruparTareasPorFecha_then_DebeRetornarMapaAgrupado" classname="com.gr4.service.CalendarioServiceTest" time="0.001"/>
  <testcase name="given_UnaSolaTareaAltaPrioridad_when_DetectarConflictos_then_DebeRetornarFalse" classname="com.gr4.service.CalendarioServiceTest" time="0.0"/>
  <testcase name="given_TareasConFechaEspecifica_when_ObtenerTareasPorDia_then_DebeRetornarSoloTareasDeEseDia" classname="com.gr4.service.CalendarioServiceTest" time="0.0"/>
  <testcase name="given_TareasEnRangoSemanal_when_ObtenerTareasPorSemana_then_DebeRetornarTareasDentroDelRango" classname="com.gr4.service.CalendarioServiceTest" time="0.003"/>
  <testcase name="given_MultiplesTareasAltaPrioridad_when_DetectarConflictos_then_DebeRetornarTrue" classname="com.gr4.service.CalendarioServiceTest" time="0.001"/>
</testsuite>