<?xml version="1.0" encoding="UTF-8"?>
<testsuite xmlns:xsi="http://www.w3.org/2001/XMLSchema-instance" xsi:noNamespaceSchemaLocation="https://maven.apache.org/surefire/maven-surefire-plugin/xsd/surefire-test-report-3.0.xsd" version="3.0" name="com.gr4.service.LogoutServiceParameterTest" time="0.061" tests="7" errors="0" skipped="0" failures="0">
  <properties>
[...]
</properties>
  <testcase name="given_CookieConDiferentesEstados_when_ValidarYLimpiarCookie_then_DebeManejarseCorrectamente[Escenario 0: Token válido debe eliminarse correctamente]" classname="com.gr4.service.LogoutServiceParameterTest" time="0.017"/>
  <testcase name="given_CookieConDiferentesEstados_when_ValidarYLimpiarCookie_then_DebeManejarseCorrectamente[Escenario 1: Token vacío no debe intentar eliminar en BD]" classname="com.gr4.service.LogoutServiceParameterTest" time="0.004"/>
  <testcase name="given_CookieConDiferentesEstados_when_ValidarYLimpiarCookie_then_DebeManejarseCorrectamente[Escenario 2: Token largo debe manejarse correctamente]" classname="com.gr4.service.LogoutServiceParameterTest" time="0.004"/>
  <testcase name="given_CookieConDiferentesEstados_when_ValidarYLimpiarCookie_then_DebeManejarseCorrectamente[Escenario 3: Token con caracteres especiales debe manejarse]" classname="com.gr4.service.LogoutServiceParameterTest" time="0.007"/>
  <testcase name="given_CookieConDiferentesEstados_when_ValidarYLimpiarCookie_then_DebeManejarseCorrectamente[Escenario 4: Token con espacios debe manejarse]" classname="com.gr4.service.LogoutServiceParameterTest" time="0.005"/>
  <testcase name="given_CookieConDiferentesEstados_when_ValidarYLimpiarCookie_then_DebeManejarseCorrectamente[Escenario 5: Token solo con espacios no debe procesarse]" classname="com.gr4.service.LogoutServiceParameterTest" time="0.006"/>
  <testcase name="given_CookieConDiferentesEstados_when_ValidarYLimpiarCookie_then_DebeManejarseCorrectamente[Escenario 6: Token alfanumérico complejo debe eliminarse]" classname="com.gr4.service.LogoutServiceParameterTest" time="0.004"/>
</testsuite>